<?xml version="1.0" encoding="UTF-8"?>
<!-- Generated by org.testng.reporters.JUnitReportReporter -->
<testsuite hostname="Lakshmi_Mukund" failures="0" tests="1" name="com.test.RestAssuredGitAutomationTest" time="1.249" errors="0" timestamp="2023-11-30T16:35:11 CST" skipped="0">
  <testcase classname="com.test.RestAssuredGitAutomationTest" name="getAllRepository" time="1.249"/>
  <system-out/>
</testsuite> <!-- com.test.RestAssuredGitAutomationTest -->
